<?xml version="1.0" encoding="UTF-8"?>
<testsuite name="com.bridgelabs.InvoiceServiceTest" tests="3" skipped="0" failures="0" errors="0" timestamp="2021-08-10T11:30:34" hostname="DESKTOP-E4UM7PR" time="0.011">
  <properties/>
  <testcase name="givenLessDistanceAndTime_ShouldReturnMinimumFare" classname="com.bridgelabs.InvoiceServiceTest" time="0.004"/>
  <testcase name="givenMultipleRides_ShouldReturnTotalFare" classname="com.bridgelabs.InvoiceServiceTest" time="0.005"/>
  <testcase name="givenDistanceAndTime_ShouldReturnTotalFare" classname="com.bridgelabs.InvoiceServiceTest" time="0.001"/>
  <system-out><![CDATA[]]></system-out>
  <system-err><![CDATA[]]></system-err>
</testsuite>
