<?xml version="1.0" encoding="UTF-8"?>
<testsuite name="com.bridgelabs.InvoiceServiceTest" tests="4" skipped="0" failures="0" errors="0" timestamp="2021-08-10T11:34:43" hostname="DESKTOP-E4UM7PR" time="0.01">
  <properties/>
  <testcase name="givenLessDistanceAndTime_ShouldReturnMinimumFare" classname="com.bridgelabs.InvoiceServiceTest" time="0.004"/>
  <testcase name="givenMultipleRides_ShouldReturnTotalFare" classname="com.bridgelabs.InvoiceServiceTest" time="0.002"/>
  <testcase name="givenDistanceAndTime_ShouldReturnTotalFare" classname="com.bridgelabs.InvoiceServiceTest" time="0.001"/>
  <testcase name="givenMultipleRides_ShouldReturnInvoiceSummary" classname="com.bridgelabs.InvoiceServiceTest" time="0.002"/>
  <system-out><![CDATA[]]></system-out>
  <system-err><![CDATA[]]></system-err>
</testsuite>
