<?xml version="1.0" encoding="UTF-8"?>
<testsuite name="com.bridgelabs.InvoiceServiceTest" tests="2" skipped="0" failures="0" errors="0" timestamp="2021-08-10T11:26:20" hostname="DESKTOP-E4UM7PR" time="0.012">
  <properties/>
  <testcase name="givenLessDistanceAndTime_ShouldReturnMinimumFare" classname="com.bridgelabs.InvoiceServiceTest" time="0.007"/>
  <testcase name="givenDistanceAndTime_ShouldReturnTotalFare" classname="com.bridgelabs.InvoiceServiceTest" time="0.0"/>
  <system-out><![CDATA[]]></system-out>
  <system-err><![CDATA[]]></system-err>
</testsuite>
